#
# There is insufficient memory for the Java Runtime Environment to continue.
# Native memory allocation (malloc) failed to allocate 480104 bytes for AllocateHeap
# Possible reasons:
#   The system is out of physical RAM or swap space
#   In 32 bit mode, the process size limit was hit
# Possible solutions:
#   Reduce memory load on the system
#   Increase physical memory or swap space
#   Check if swap backing store is full
#   Use 64 bit Java on a 64 bit OS
#   Decrease Java heap size (-Xmx/-Xms)
#   Decrease number of Java threads
#   Decrease Java thread stack sizes (-Xss)
#   Set larger code cache with -XX:ReservedCodeCacheSize=
# This output file may be truncated or incomplete.
#
#  Out of Memory Error (memory/allocation.inline.hpp:61), pid=3620, tid=0x000000000000bfbc
#
# JRE version:  (8.0_181-b13) (build )
# Java VM: Java HotSpot(TM) 64-Bit Server VM (25.181-b13 mixed mode windows-amd64 compressed oops)
# Failed to write core dump. Minidumps are not enabled by default on client versions of Windows
#

---------------  T H R E A D  ---------------

Current thread (0x0000000002dfe800):  JavaThread "Unknown thread" [_thread_in_vm, id=49084, stack(0x0000000002e80000,0x0000000002f80000)]

Stack: [0x0000000002e80000,0x0000000002f80000]
[error occurred during error reporting (printing stack bounds), id 0xc0000005]

Native frames: (J=compiled Java code, j=interpreted, Vv=VM code, C=native code)


---------------  P R O C E S S  ---------------

Java Threads: ( => current thread )

Other Threads:

=>0x0000000002dfe800 (exited) JavaThread "Unknown thread" [_thread_in_vm, id=49084, stack(0x0000000002e80000,0x0000000002f80000)]

VM state:not at safepoint (not fully initialized)

VM Mutex/Monitor currently owned by a thread: None

GC Heap History (0 events):
No events

Deoptimization events (0 events):
No events

Classes redefined (0 events):
No events

Internal exceptions (0 events):
No events

Events (0 events):
No events


Dynamic libraries:
0x00007ff6776d0000 - 0x00007ff677707000 	C:\Program Files\Java\jdk1.8.0_181\bin\java.exe
0x00007ffd3c310000 - 0x00007ffd3c508000 	C:\WINDOWS\SYSTEM32\ntdll.dll
0x00007ffd3abf0000 - 0x00007ffd3acad000 	C:\WINDOWS\System32\KERNEL32.DLL
0x00007ffd39db0000 - 0x00007ffd3a07e000 	C:\WINDOWS\System32\KERNELBASE.dll
0x00007ffd3c160000 - 0x00007ffd3c20e000 	C:\WINDOWS\System32\ADVAPI32.dll
0x00007ffd3be30000 - 0x00007ffd3bece000 	C:\WINDOWS\System32\msvcrt.dll
0x00007ffd3bd90000 - 0x00007ffd3be2c000 	C:\WINDOWS\System32\sechost.dll
0x00007ffd3af00000 - 0x00007ffd3b025000 	C:\WINDOWS\System32\RPCRT4.dll
0x00007ffd3a9a0000 - 0x00007ffd3ab40000 	C:\WINDOWS\System32\USER32.dll
0x00007ffd3a2b0000 - 0x00007ffd3a2d2000 	C:\WINDOWS\System32\win32u.dll
0x00007ffd3b610000 - 0x00007ffd3b63a000 	C:\WINDOWS\System32\GDI32.dll
0x00007ffd39aa0000 - 0x00007ffd39bab000 	C:\WINDOWS\System32\gdi32full.dll
0x00007ffd39bb0000 - 0x00007ffd39c4d000 	C:\WINDOWS\System32\msvcp_win.dll
0x00007ffd3a0b0000 - 0x00007ffd3a1b0000 	C:\WINDOWS\System32\ucrtbase.dll
0x00007ffd2a260000 - 0x00007ffd2a4fa000 	C:\WINDOWS\WinSxS\amd64_microsoft.windows.common-controls_6595b64144ccf1df_6.0.19041.1110_none_60b5254171f9507e\COMCTL32.dll
0x00007ffd3bf30000 - 0x00007ffd3bf60000 	C:\WINDOWS\System32\IMM32.DLL
0x000000006b120000 - 0x000000006b1f2000 	C:\Program Files\Java\jdk1.8.0_181\jre\bin\msvcr100.dll
0x000000006b200000 - 0x000000006baa2000 	C:\Program Files\Java\jdk1.8.0_181\jre\bin\server\jvm.dll
0x00007ffd3b4d0000 - 0x00007ffd3b4d8000 	C:\WINDOWS\System32\PSAPI.DLL
0x00007ffd1e6a0000 - 0x00007ffd1e6a9000 	C:\WINDOWS\SYSTEM32\WSOCK32.dll
0x00007ffd2a1c0000 - 0x00007ffd2a1e7000 	C:\WINDOWS\SYSTEM32\WINMM.dll
0x00007ffd2fc80000 - 0x00007ffd2fc8a000 	C:\WINDOWS\SYSTEM32\VERSION.dll
0x00007ffd3b030000 - 0x00007ffd3b09b000 	C:\WINDOWS\System32\WS2_32.dll
0x000000006ccb0000 - 0x000000006ccbf000 	C:\Program Files\Java\jdk1.8.0_181\jre\bin\verify.dll
0x000000006b0b0000 - 0x000000006b0d9000 	C:\Program Files\Java\jdk1.8.0_181\jre\bin\java.dll
0x000000006b090000 - 0x000000006b0a6000 	C:\Program Files\Java\jdk1.8.0_181\jre\bin\zip.dll

VM Arguments:
jvm_args: -Dfile.encoding=UTF-8 
java_command: datastandardisation.DataStandardisation
java_class_path (initial): C:\Program Files\Java\poi-3.17.jar;C:\Program Files\Java\poi-ooxml-3.17.jar;C:\Program Files\Java\poi-ooxml-schemas-3.17.jar;C:\Program Files\Java\xmlbeans-2.6.0.jar;C:\Program Files\Java\commons-collections4-4.1.jar;C:\Users\tommy\OneDrive - Loughborough University\University\Year 2\AI Methods\Part 2\Coursework\DataStandardisation\build\classes
Launcher Type: SUN_STANDARD

Environment Variables:
JAVA_HOME=C:\Program Files\Java\jdk1.8.0_181
PATH=C:\Program Files (x86)\Razer Chroma SDK\bin;C:\Program Files\Razer Chroma SDK\bin;C:\Program Files (x86)\Razer\ChromaBroadcast\bin;C:\Program Files\Razer\ChromaBroadcast\bin;C:\Program Files (x86)\Common Files\Oracle\Java\javapath;C:\WINDOWS\system32;C:\WINDOWS;C:\WINDOWS\System32\Wbem;C:\WINDOWS\System32\WindowsPowerShell\v1.0\;C:\WINDOWS\System32\OpenSSH\;C:\ProgramData\chocolatey\bin;C:\WINDOWS\system32\config\systemprofile\AppData\Local\Microsoft\WindowsApps;D:\Users\tommy\Desktop\rGjmKs-Ouh2thrgLr9ZC;C:\Program Files\dotnet\;C:\Program Files\Docker\Docker\resources\bin;C:\ProgramData\DockerDesktop\version-bin;D:\Program Files\nodejs\;C:\Program Files\Java\jdk1.8.0_181\bin;C:\Program Files\Wiimm\WIT;C:\Program Files\Java\jdk1.8.0_181\bin;D:\Users\tommy\AppData\Local\Programs\Microsoft VS Code\bin;C:\Program Files\Wiimm\WIT
USERNAME=tommy
OS=Windows_NT
PROCESSOR_IDENTIFIER=AMD64 Family 23 Model 8 Stepping 2, AuthenticAMD



---------------  S Y S T E M  ---------------

OS: Windows 10.0 , 64 bit Build 19041 (10.0.19041.1806)

CPU:total 12 (initial active 12) (12 cores per cpu, 1 threads per core) family 23 model 8 stepping 2, cmov, cx8, fxsr, mmx, sse, sse2, sse3, ssse3, sse4.1, sse4.2, popcnt, avx, avx2, aes, clmul, mmxext, 3dnowpref, lzcnt, sse4a, tsc, tscinvbit, tscinv, bmi1

Memory: 4k page, physical 16724464k(1665624k free), swap 35156464k(1512k free)

vm_info: Java HotSpot(TM) 64-Bit Server VM (25.181-b13) for windows-amd64 JRE (1.8.0_181-b13), built on Jul  7 2018 04:01:33 by "java_re" with MS VC++ 10.0 (VS2010)

time: Fri Mar 03 00:49:48 2023
elapsed time: 0 seconds (0d 0h 0m 0s)

